::1 - - [16/Oct/2021:08:48:12 +0000] "GET / HTTP/1.1" 200 3104 "-" "Mozilla/5.0 (Macintosh; Intel Mac OS X 10_15_7) AppleWebKit/537.36 (KHTML, like Gecko) Chrome/94.0.4606.81 Safari/537.36"
::1 - - [16/Oct/2021:08:48:12 +0000] "GET /swagger-ui-init.js HTTP/1.1" 200 7525 "http://localhost:3000/" "Mozilla/5.0 (Macintosh; Intel Mac OS X 10_15_7) AppleWebKit/537.36 (KHTML, like Gecko) Chrome/94.0.4606.81 Safari/537.36"
::1 - - [16/Oct/2021:08:48:12 +0000] "GET /swagger-ui.css HTTP/1.1" 200 143753 "http://localhost:3000/" "Mozilla/5.0 (Macintosh; Intel Mac OS X 10_15_7) AppleWebKit/537.36 (KHTML, like Gecko) Chrome/94.0.4606.81 Safari/537.36"
::1 - - [16/Oct/2021:08:48:12 +0000] "GET /swagger-ui-standalone-preset.js HTTP/1.1" 200 337217 "http://localhost:3000/" "Mozilla/5.0 (Macintosh; Intel Mac OS X 10_15_7) AppleWebKit/537.36 (KHTML, like Gecko) Chrome/94.0.4606.81 Safari/537.36"
::1 - - [16/Oct/2021:08:48:12 +0000] "GET /swagger-ui-bundle.js HTTP/1.1" 200 1091138 "http://localhost:3000/" "Mozilla/5.0 (Macintosh; Intel Mac OS X 10_15_7) AppleWebKit/537.36 (KHTML, like Gecko) Chrome/94.0.4606.81 Safari/537.36"
::1 - - [16/Oct/2021:08:48:14 +0000] "GET /favicon-32x32.png HTTP/1.1" 200 628 "http://localhost:3000/" "Mozilla/5.0 (Macintosh; Intel Mac OS X 10_15_7) AppleWebKit/537.36 (KHTML, like Gecko) Chrome/94.0.4606.81 Safari/537.36"
::1 - - [16/Oct/2021:08:48:27 +0000] "GET /users HTTP/1.1" 200 3104 "-" "Mozilla/5.0 (Macintosh; Intel Mac OS X 10_15_7) AppleWebKit/537.36 (KHTML, like Gecko) Chrome/94.0.4606.81 Safari/537.36"
::1 - - [16/Oct/2021:08:48:27 +0000] "GET /swagger-ui.css HTTP/1.1" 304 - "http://localhost:3000/users" "Mozilla/5.0 (Macintosh; Intel Mac OS X 10_15_7) AppleWebKit/537.36 (KHTML, like Gecko) Chrome/94.0.4606.81 Safari/537.36"
::1 - - [16/Oct/2021:08:48:27 +0000] "GET /swagger-ui-bundle.js HTTP/1.1" 304 - "http://localhost:3000/users" "Mozilla/5.0 (Macintosh; Intel Mac OS X 10_15_7) AppleWebKit/537.36 (KHTML, like Gecko) Chrome/94.0.4606.81 Safari/537.36"
::1 - - [16/Oct/2021:08:48:27 +0000] "GET /swagger-ui-init.js HTTP/1.1" 304 - "http://localhost:3000/users" "Mozilla/5.0 (Macintosh; Intel Mac OS X 10_15_7) AppleWebKit/537.36 (KHTML, like Gecko) Chrome/94.0.4606.81 Safari/537.36"
::1 - - [16/Oct/2021:08:48:27 +0000] "GET /swagger-ui-standalone-preset.js HTTP/1.1" 304 - "http://localhost:3000/users" "Mozilla/5.0 (Macintosh; Intel Mac OS X 10_15_7) AppleWebKit/537.36 (KHTML, like Gecko) Chrome/94.0.4606.81 Safari/537.36"
::1 - - [16/Oct/2021:08:48:27 +0000] "GET /favicon-32x32.png HTTP/1.1" 304 - "http://localhost:3000/users" "Mozilla/5.0 (Macintosh; Intel Mac OS X 10_15_7) AppleWebKit/537.36 (KHTML, like Gecko) Chrome/94.0.4606.81 Safari/537.36"
::1 - - [16/Oct/2021:08:48:45 +0000] "GET /api/v1/users HTTP/1.1" 403 32 "-" "Mozilla/5.0 (Macintosh; Intel Mac OS X 10_15_7) AppleWebKit/537.36 (KHTML, like Gecko) Chrome/94.0.4606.81 Safari/537.36"
::1 - - [16/Oct/2021:08:52:58 +0000] "GET /api/v1/airdrop/get HTTP/1.1" 200 3104 "-" "Mozilla/5.0 (Macintosh; Intel Mac OS X 10_15_7) AppleWebKit/537.36 (KHTML, like Gecko) Chrome/94.0.4606.81 Safari/537.36"
::1 - - [16/Oct/2021:08:52:58 +0000] "GET /api/v1/airdrop/swagger-ui.css HTTP/1.1" 200 3104 "http://localhost:3000/api/v1/airdrop/get" "Mozilla/5.0 (Macintosh; Intel Mac OS X 10_15_7) AppleWebKit/537.36 (KHTML, like Gecko) Chrome/94.0.4606.81 Safari/537.36"
::1 - - [16/Oct/2021:08:52:58 +0000] "GET /api/v1/airdrop/swagger-ui-bundle.js HTTP/1.1" 200 3104 "http://localhost:3000/api/v1/airdrop/get" "Mozilla/5.0 (Macintosh; Intel Mac OS X 10_15_7) AppleWebKit/537.36 (KHTML, like Gecko) Chrome/94.0.4606.81 Safari/537.36"
::1 - - [16/Oct/2021:08:52:58 +0000] "GET /api/v1/airdrop/swagger-ui-standalone-preset.js HTTP/1.1" 200 3104 "http://localhost:3000/api/v1/airdrop/get" "Mozilla/5.0 (Macintosh; Intel Mac OS X 10_15_7) AppleWebKit/537.36 (KHTML, like Gecko) Chrome/94.0.4606.81 Safari/537.36"
::1 - - [16/Oct/2021:08:52:58 +0000] "GET /api/v1/airdrop/swagger-ui-init.js HTTP/1.1" 200 3104 "http://localhost:3000/api/v1/airdrop/get" "Mozilla/5.0 (Macintosh; Intel Mac OS X 10_15_7) AppleWebKit/537.36 (KHTML, like Gecko) Chrome/94.0.4606.81 Safari/537.36"
::1 - - [16/Oct/2021:08:52:58 +0000] "GET /api/v1/airdrop/favicon-32x32.png HTTP/1.1" 200 3104 "http://localhost:3000/api/v1/airdrop/get" "Mozilla/5.0 (Macintosh; Intel Mac OS X 10_15_7) AppleWebKit/537.36 (KHTML, like Gecko) Chrome/94.0.4606.81 Safari/537.36"
::1 - - [16/Oct/2021:08:52:58 +0000] "GET /api/v1/airdrop/favicon-16x16.png HTTP/1.1" 200 3104 "http://localhost:3000/api/v1/airdrop/get" "Mozilla/5.0 (Macintosh; Intel Mac OS X 10_15_7) AppleWebKit/537.36 (KHTML, like Gecko) Chrome/94.0.4606.81 Safari/537.36"
::1 - - [16/Oct/2021:08:52:59 +0000] "GET /api/v1/airdrop/favicon-32x32.png HTTP/1.1" 304 - "http://localhost:3000/api/v1/airdrop/get" "Mozilla/5.0 (Macintosh; Intel Mac OS X 10_15_7) AppleWebKit/537.36 (KHTML, like Gecko) Chrome/94.0.4606.81 Safari/537.36"
::1 - - [16/Oct/2021:08:52:59 +0000] "GET /api/v1/airdrop/favicon-16x16.png HTTP/1.1" 304 - "http://localhost:3000/api/v1/airdrop/get" "Mozilla/5.0 (Macintosh; Intel Mac OS X 10_15_7) AppleWebKit/537.36 (KHTML, like Gecko) Chrome/94.0.4606.81 Safari/537.36"
::1 - - [16/Oct/2021:08:53:04 +0000] "GET /api/v1/airdrop HTTP/1.1" 200 3104 "-" "Mozilla/5.0 (Macintosh; Intel Mac OS X 10_15_7) AppleWebKit/537.36 (KHTML, like Gecko) Chrome/94.0.4606.81 Safari/537.36"
::1 - - [16/Oct/2021:08:53:04 +0000] "GET /api/v1/swagger-ui.css HTTP/1.1" 200 3104 "http://localhost:3000/api/v1/airdrop" "Mozilla/5.0 (Macintosh; Intel Mac OS X 10_15_7) AppleWebKit/537.36 (KHTML, like Gecko) Chrome/94.0.4606.81 Safari/537.36"
::1 - - [16/Oct/2021:08:53:04 +0000] "GET /api/v1/swagger-ui-bundle.js HTTP/1.1" 200 3104 "http://localhost:3000/api/v1/airdrop" "Mozilla/5.0 (Macintosh; Intel Mac OS X 10_15_7) AppleWebKit/537.36 (KHTML, like Gecko) Chrome/94.0.4606.81 Safari/537.36"
::1 - - [16/Oct/2021:08:53:04 +0000] "GET /api/v1/swagger-ui-standalone-preset.js HTTP/1.1" 200 3104 "http://localhost:3000/api/v1/airdrop" "Mozilla/5.0 (Macintosh; Intel Mac OS X 10_15_7) AppleWebKit/537.36 (KHTML, like Gecko) Chrome/94.0.4606.81 Safari/537.36"
::1 - - [16/Oct/2021:08:53:04 +0000] "GET /api/v1/swagger-ui-init.js HTTP/1.1" 200 3104 "http://localhost:3000/api/v1/airdrop" "Mozilla/5.0 (Macintosh; Intel Mac OS X 10_15_7) AppleWebKit/537.36 (KHTML, like Gecko) Chrome/94.0.4606.81 Safari/537.36"
::1 - - [16/Oct/2021:08:53:04 +0000] "GET /api/v1/favicon-32x32.png HTTP/1.1" 200 3104 "http://localhost:3000/api/v1/airdrop" "Mozilla/5.0 (Macintosh; Intel Mac OS X 10_15_7) AppleWebKit/537.36 (KHTML, like Gecko) Chrome/94.0.4606.81 Safari/537.36"
::1 - - [16/Oct/2021:08:53:04 +0000] "GET /api/v1/favicon-16x16.png HTTP/1.1" 200 3104 "http://localhost:3000/api/v1/airdrop" "Mozilla/5.0 (Macintosh; Intel Mac OS X 10_15_7) AppleWebKit/537.36 (KHTML, like Gecko) Chrome/94.0.4606.81 Safari/537.36"
::1 - - [16/Oct/2021:08:53:04 +0000] "GET /api/v1/favicon-32x32.png HTTP/1.1" 304 - "http://localhost:3000/api/v1/airdrop" "Mozilla/5.0 (Macintosh; Intel Mac OS X 10_15_7) AppleWebKit/537.36 (KHTML, like Gecko) Chrome/94.0.4606.81 Safari/537.36"
::1 - - [16/Oct/2021:08:53:04 +0000] "GET /api/v1/favicon-16x16.png HTTP/1.1" 304 - "http://localhost:3000/api/v1/airdrop" "Mozilla/5.0 (Macintosh; Intel Mac OS X 10_15_7) AppleWebKit/537.36 (KHTML, like Gecko) Chrome/94.0.4606.81 Safari/537.36"
::1 - - [16/Oct/2021:08:53:20 +0000] "GET /api/v1/airdrop/check HTTP/1.1" 200 3104 "-" "Mozilla/5.0 (Macintosh; Intel Mac OS X 10_15_7) AppleWebKit/537.36 (KHTML, like Gecko) Chrome/94.0.4606.81 Safari/537.36"
::1 - - [16/Oct/2021:08:53:20 +0000] "GET /api/v1/airdrop/swagger-ui.css HTTP/1.1" 304 - "http://localhost:3000/api/v1/airdrop/check" "Mozilla/5.0 (Macintosh; Intel Mac OS X 10_15_7) AppleWebKit/537.36 (KHTML, like Gecko) Chrome/94.0.4606.81 Safari/537.36"
::1 - - [16/Oct/2021:08:53:20 +0000] "GET /api/v1/airdrop/swagger-ui-bundle.js HTTP/1.1" 304 - "http://localhost:3000/api/v1/airdrop/check" "Mozilla/5.0 (Macintosh; Intel Mac OS X 10_15_7) AppleWebKit/537.36 (KHTML, like Gecko) Chrome/94.0.4606.81 Safari/537.36"
::1 - - [16/Oct/2021:08:53:20 +0000] "GET /api/v1/airdrop/swagger-ui-init.js HTTP/1.1" 304 - "http://localhost:3000/api/v1/airdrop/check" "Mozilla/5.0 (Macintosh; Intel Mac OS X 10_15_7) AppleWebKit/537.36 (KHTML, like Gecko) Chrome/94.0.4606.81 Safari/537.36"
::1 - - [16/Oct/2021:08:53:20 +0000] "GET /api/v1/airdrop/swagger-ui-standalone-preset.js HTTP/1.1" 304 - "http://localhost:3000/api/v1/airdrop/check" "Mozilla/5.0 (Macintosh; Intel Mac OS X 10_15_7) AppleWebKit/537.36 (KHTML, like Gecko) Chrome/94.0.4606.81 Safari/537.36"
::1 - - [16/Oct/2021:08:53:20 +0000] "GET /api/v1/airdrop/favicon-32x32.png HTTP/1.1" 304 - "http://localhost:3000/api/v1/airdrop/check" "Mozilla/5.0 (Macintosh; Intel Mac OS X 10_15_7) AppleWebKit/537.36 (KHTML, like Gecko) Chrome/94.0.4606.81 Safari/537.36"
::1 - - [16/Oct/2021:08:53:20 +0000] "GET /api/v1/airdrop/favicon-16x16.png HTTP/1.1" 304 - "http://localhost:3000/api/v1/airdrop/check" "Mozilla/5.0 (Macintosh; Intel Mac OS X 10_15_7) AppleWebKit/537.36 (KHTML, like Gecko) Chrome/94.0.4606.81 Safari/537.36"
::1 - - [16/Oct/2021:08:53:21 +0000] "GET /api/v1/airdrop/favicon-32x32.png HTTP/1.1" 304 - "http://localhost:3000/api/v1/airdrop/check" "Mozilla/5.0 (Macintosh; Intel Mac OS X 10_15_7) AppleWebKit/537.36 (KHTML, like Gecko) Chrome/94.0.4606.81 Safari/537.36"
::1 - - [16/Oct/2021:08:53:21 +0000] "GET /api/v1/airdrop/favicon-16x16.png HTTP/1.1" 304 - "http://localhost:3000/api/v1/airdrop/check" "Mozilla/5.0 (Macintosh; Intel Mac OS X 10_15_7) AppleWebKit/537.36 (KHTML, like Gecko) Chrome/94.0.4606.81 Safari/537.36"
::1 - - [16/Oct/2021:08:53:43 +0000] "GET /api/v1/airdrop/check HTTP/1.1" 200 15 "-" "Mozilla/5.0 (Macintosh; Intel Mac OS X 10_15_7) AppleWebKit/537.36 (KHTML, like Gecko) Chrome/94.0.4606.81 Safari/537.36"
::1 - - [16/Oct/2021:08:57:42 +0000] "GET /api/v1/airdrop/check HTTP/1.1" 304 - "-" "Mozilla/5.0 (Macintosh; Intel Mac OS X 10_15_7) AppleWebKit/537.36 (KHTML, like Gecko) Chrome/94.0.4606.81 Safari/537.36"
::1 - - [16/Oct/2021:08:57:45 +0000] "GET /api/v1/airdrop/check HTTP/1.1" 304 - "-" "Mozilla/5.0 (Macintosh; Intel Mac OS X 10_15_7) AppleWebKit/537.36 (KHTML, like Gecko) Chrome/94.0.4606.81 Safari/537.36"
::1 - - [16/Oct/2021:10:47:44 +0000] "GET / HTTP/1.1" 304 - "-" "Mozilla/5.0 (Macintosh; Intel Mac OS X 10_15_7) AppleWebKit/537.36 (KHTML, like Gecko) Chrome/94.0.4606.81 Safari/537.36"
::1 - - [16/Oct/2021:10:47:44 +0000] "GET /swagger-ui.css HTTP/1.1" 304 - "http://localhost:3000/" "Mozilla/5.0 (Macintosh; Intel Mac OS X 10_15_7) AppleWebKit/537.36 (KHTML, like Gecko) Chrome/94.0.4606.81 Safari/537.36"
::1 - - [16/Oct/2021:10:47:44 +0000] "GET /swagger-ui-bundle.js HTTP/1.1" 304 - "http://localhost:3000/" "Mozilla/5.0 (Macintosh; Intel Mac OS X 10_15_7) AppleWebKit/537.36 (KHTML, like Gecko) Chrome/94.0.4606.81 Safari/537.36"
::1 - - [16/Oct/2021:10:47:44 +0000] "GET /swagger-ui-init.js HTTP/1.1" 304 - "http://localhost:3000/" "Mozilla/5.0 (Macintosh; Intel Mac OS X 10_15_7) AppleWebKit/537.36 (KHTML, like Gecko) Chrome/94.0.4606.81 Safari/537.36"
::1 - - [16/Oct/2021:10:47:44 +0000] "GET /swagger-ui-standalone-preset.js HTTP/1.1" 304 - "http://localhost:3000/" "Mozilla/5.0 (Macintosh; Intel Mac OS X 10_15_7) AppleWebKit/537.36 (KHTML, like Gecko) Chrome/94.0.4606.81 Safari/537.36"
::1 - - [16/Oct/2021:10:47:46 +0000] "GET /api/v1/airdrop/check HTTP/1.1" 304 - "-" "Mozilla/5.0 (Macintosh; Intel Mac OS X 10_15_7) AppleWebKit/537.36 (KHTML, like Gecko) Chrome/94.0.4606.81 Safari/537.36"
::1 - - [16/Oct/2021:11:31:43 +0000] "GET / HTTP/1.1" 304 - "-" "Mozilla/5.0 (Macintosh; Intel Mac OS X 10_15_7) AppleWebKit/537.36 (KHTML, like Gecko) Chrome/94.0.4606.81 Safari/537.36"
::1 - - [16/Oct/2021:11:31:43 +0000] "GET /swagger-ui-standalone-preset.js HTTP/1.1" 304 - "http://localhost:3000/" "Mozilla/5.0 (Macintosh; Intel Mac OS X 10_15_7) AppleWebKit/537.36 (KHTML, like Gecko) Chrome/94.0.4606.81 Safari/537.36"
::1 - - [16/Oct/2021:11:31:43 +0000] "GET /swagger-ui.css HTTP/1.1" 304 - "http://localhost:3000/" "Mozilla/5.0 (Macintosh; Intel Mac OS X 10_15_7) AppleWebKit/537.36 (KHTML, like Gecko) Chrome/94.0.4606.81 Safari/537.36"
::1 - - [16/Oct/2021:11:31:43 +0000] "GET /swagger-ui-init.js HTTP/1.1" 304 - "http://localhost:3000/" "Mozilla/5.0 (Macintosh; Intel Mac OS X 10_15_7) AppleWebKit/537.36 (KHTML, like Gecko) Chrome/94.0.4606.81 Safari/537.36"
::1 - - [16/Oct/2021:11:31:43 +0000] "GET /swagger-ui-bundle.js HTTP/1.1" 304 - "http://localhost:3000/" "Mozilla/5.0 (Macintosh; Intel Mac OS X 10_15_7) AppleWebKit/537.36 (KHTML, like Gecko) Chrome/94.0.4606.81 Safari/537.36"
::1 - - [16/Oct/2021:11:31:44 +0000] "GET /api/v1/airdrop/check HTTP/1.1" 304 - "-" "Mozilla/5.0 (Macintosh; Intel Mac OS X 10_15_7) AppleWebKit/537.36 (KHTML, like Gecko) Chrome/94.0.4606.81 Safari/537.36"
::1 - - [16/Oct/2021:11:31:45 +0000] "GET /favicon.ico HTTP/1.1" 200 3104 "http://localhost:3000/api/v1/airdrop/check" "Mozilla/5.0 (Macintosh; Intel Mac OS X 10_15_7) AppleWebKit/537.36 (KHTML, like Gecko) Chrome/94.0.4606.81 Safari/537.36"
::1 - - [16/Oct/2021:11:32:27 +0000] "GET /api/v1/airdrop/check HTTP/1.1" 304 - "-" "Mozilla/5.0 (Macintosh; Intel Mac OS X 10_15_7) AppleWebKit/537.36 (KHTML, like Gecko) Chrome/94.0.4606.81 Safari/537.36"
::1 - - [16/Oct/2021:11:32:28 +0000] "GET /favicon.ico HTTP/1.1" 200 3104 "http://localhost:3000/api/v1/airdrop/check" "Mozilla/5.0 (Macintosh; Intel Mac OS X 10_15_7) AppleWebKit/537.36 (KHTML, like Gecko) Chrome/94.0.4606.81 Safari/537.36"
::1 - - [16/Oct/2021:11:34:08 +0000] "GET /api/v1/airdrop/check HTTP/1.1" 200 70 "-" "Mozilla/5.0 (Macintosh; Intel Mac OS X 10_15_7) AppleWebKit/537.36 (KHTML, like Gecko) Chrome/94.0.4606.81 Safari/537.36"
::1 - - [16/Oct/2021:11:34:10 +0000] "GET /favicon.ico HTTP/1.1" 200 3104 "http://localhost:3000/api/v1/airdrop/check" "Mozilla/5.0 (Macintosh; Intel Mac OS X 10_15_7) AppleWebKit/537.36 (KHTML, like Gecko) Chrome/94.0.4606.81 Safari/537.36"
::1 - - [16/Oct/2021:11:35:35 +0000] "GET /api/v1/airdrop/check HTTP/1.1" 304 - "-" "Mozilla/5.0 (Macintosh; Intel Mac OS X 10_15_7) AppleWebKit/537.36 (KHTML, like Gecko) Chrome/94.0.4606.81 Safari/537.36"
::1 - - [16/Oct/2021:11:35:35 +0000] "GET /favicon.ico HTTP/1.1" 200 3104 "http://localhost:3000/api/v1/airdrop/check" "Mozilla/5.0 (Macintosh; Intel Mac OS X 10_15_7) AppleWebKit/537.36 (KHTML, like Gecko) Chrome/94.0.4606.81 Safari/537.36"
::1 - - [16/Oct/2021:11:36:04 +0000] "GET /api/v1/airdrop/check HTTP/1.1" 200 53 "-" "Mozilla/5.0 (Macintosh; Intel Mac OS X 10_15_7) AppleWebKit/537.36 (KHTML, like Gecko) Chrome/94.0.4606.81 Safari/537.36"
::1 - - [16/Oct/2021:11:36:05 +0000] "GET /favicon.ico HTTP/1.1" 200 3104 "http://localhost:3000/api/v1/airdrop/check" "Mozilla/5.0 (Macintosh; Intel Mac OS X 10_15_7) AppleWebKit/537.36 (KHTML, like Gecko) Chrome/94.0.4606.81 Safari/537.36"
::1 - - [16/Oct/2021:11:36:14 +0000] "GET /api/v1/airdrop/check HTTP/1.1" 304 - "-" "Mozilla/5.0 (Macintosh; Intel Mac OS X 10_15_7) AppleWebKit/537.36 (KHTML, like Gecko) Chrome/94.0.4606.81 Safari/537.36"
::1 - - [16/Oct/2021:11:36:14 +0000] "GET /favicon.ico HTTP/1.1" 200 3104 "http://localhost:3000/api/v1/airdrop/check" "Mozilla/5.0 (Macintosh; Intel Mac OS X 10_15_7) AppleWebKit/537.36 (KHTML, like Gecko) Chrome/94.0.4606.81 Safari/537.36"
::1 - - [16/Oct/2021:11:54:33 +0000] "GET /api/v1/airdrop/check HTTP/1.1" 200 69 "-" "Mozilla/5.0 (Macintosh; Intel Mac OS X 10_15_7) AppleWebKit/537.36 (KHTML, like Gecko) Chrome/94.0.4606.81 Safari/537.36"
::1 - - [16/Oct/2021:11:54:34 +0000] "GET /favicon.ico HTTP/1.1" 200 3104 "http://localhost:3000/api/v1/airdrop/check" "Mozilla/5.0 (Macintosh; Intel Mac OS X 10_15_7) AppleWebKit/537.36 (KHTML, like Gecko) Chrome/94.0.4606.81 Safari/537.36"
::1 - - [16/Oct/2021:11:55:03 +0000] "GET /api/v1/airdrop/check HTTP/1.1" 304 - "-" "Mozilla/5.0 (Macintosh; Intel Mac OS X 10_15_7) AppleWebKit/537.36 (KHTML, like Gecko) Chrome/94.0.4606.81 Safari/537.36"
::1 - - [16/Oct/2021:11:55:04 +0000] "GET /favicon.ico HTTP/1.1" 200 3104 "http://localhost:3000/api/v1/airdrop/check" "Mozilla/5.0 (Macintosh; Intel Mac OS X 10_15_7) AppleWebKit/537.36 (KHTML, like Gecko) Chrome/94.0.4606.81 Safari/537.36"
::1 - - [16/Oct/2021:11:56:22 +0000] "GET /api/v1/airdrop/check HTTP/1.1" 304 - "-" "Mozilla/5.0 (Macintosh; Intel Mac OS X 10_15_7) AppleWebKit/537.36 (KHTML, like Gecko) Chrome/94.0.4606.81 Safari/537.36"
::1 - - [16/Oct/2021:11:56:23 +0000] "GET /favicon.ico HTTP/1.1" 200 3104 "http://localhost:3000/api/v1/airdrop/check" "Mozilla/5.0 (Macintosh; Intel Mac OS X 10_15_7) AppleWebKit/537.36 (KHTML, like Gecko) Chrome/94.0.4606.81 Safari/537.36"
::1 - - [16/Oct/2021:11:56:27 +0000] "GET /api/v1/airdrop/check HTTP/1.1" 304 - "-" "Mozilla/5.0 (Macintosh; Intel Mac OS X 10_15_7) AppleWebKit/537.36 (KHTML, like Gecko) Chrome/94.0.4606.81 Safari/537.36"
::1 - - [16/Oct/2021:11:56:27 +0000] "GET /favicon.ico HTTP/1.1" 200 3104 "http://localhost:3000/api/v1/airdrop/check" "Mozilla/5.0 (Macintosh; Intel Mac OS X 10_15_7) AppleWebKit/537.36 (KHTML, like Gecko) Chrome/94.0.4606.81 Safari/537.36"
::1 - - [16/Oct/2021:11:56:47 +0000] "GET /api/v1/airdrop/check HTTP/1.1" 304 - "-" "Mozilla/5.0 (Macintosh; Intel Mac OS X 10_15_7) AppleWebKit/537.36 (KHTML, like Gecko) Chrome/94.0.4606.81 Safari/537.36"
::1 - - [16/Oct/2021:11:56:48 +0000] "GET /favicon.ico HTTP/1.1" 200 3104 "http://localhost:3000/api/v1/airdrop/check" "Mozilla/5.0 (Macintosh; Intel Mac OS X 10_15_7) AppleWebKit/537.36 (KHTML, like Gecko) Chrome/94.0.4606.81 Safari/537.36"
::1 - - [16/Oct/2021:11:57:07 +0000] "GET /api/v1/airdrop/check HTTP/1.1" 200 67 "-" "Mozilla/5.0 (Macintosh; Intel Mac OS X 10_15_7) AppleWebKit/537.36 (KHTML, like Gecko) Chrome/94.0.4606.81 Safari/537.36"
::1 - - [16/Oct/2021:11:57:08 +0000] "GET /favicon.ico HTTP/1.1" 200 3104 "http://localhost:3000/api/v1/airdrop/check" "Mozilla/5.0 (Macintosh; Intel Mac OS X 10_15_7) AppleWebKit/537.36 (KHTML, like Gecko) Chrome/94.0.4606.81 Safari/537.36"
::1 - - [16/Oct/2021:11:58:15 +0000] "GET /api/v1/airdrop/check HTTP/1.1" 304 - "-" "Mozilla/5.0 (Macintosh; Intel Mac OS X 10_15_7) AppleWebKit/537.36 (KHTML, like Gecko) Chrome/94.0.4606.81 Safari/537.36"
::1 - - [16/Oct/2021:11:58:16 +0000] "GET /favicon.ico HTTP/1.1" 200 3104 "http://localhost:3000/api/v1/airdrop/check" "Mozilla/5.0 (Macintosh; Intel Mac OS X 10_15_7) AppleWebKit/537.36 (KHTML, like Gecko) Chrome/94.0.4606.81 Safari/537.36"
::1 - - [16/Oct/2021:11:58:19 +0000] "GET /api/v1/airdrop/check HTTP/1.1" 304 - "-" "Mozilla/5.0 (Macintosh; Intel Mac OS X 10_15_7) AppleWebKit/537.36 (KHTML, like Gecko) Chrome/94.0.4606.81 Safari/537.36"
::1 - - [16/Oct/2021:11:58:19 +0000] "GET /favicon.ico HTTP/1.1" 200 3104 "http://localhost:3000/api/v1/airdrop/check" "Mozilla/5.0 (Macintosh; Intel Mac OS X 10_15_7) AppleWebKit/537.36 (KHTML, like Gecko) Chrome/94.0.4606.81 Safari/537.36"
::1 - - [16/Oct/2021:11:58:45 +0000] "GET /api/v1/airdrop/check HTTP/1.1" 304 - "-" "Mozilla/5.0 (Macintosh; Intel Mac OS X 10_15_7) AppleWebKit/537.36 (KHTML, like Gecko) Chrome/94.0.4606.81 Safari/537.36"
::1 - - [16/Oct/2021:11:58:45 +0000] "GET /favicon.ico HTTP/1.1" 200 3104 "http://localhost:3000/api/v1/airdrop/check" "Mozilla/5.0 (Macintosh; Intel Mac OS X 10_15_7) AppleWebKit/537.36 (KHTML, like Gecko) Chrome/94.0.4606.81 Safari/537.36"
::1 - - [16/Oct/2021:12:01:39 +0000] "GET /api/v1/airdrop/check HTTP/1.1" 304 - "-" "Mozilla/5.0 (Macintosh; Intel Mac OS X 10_15_7) AppleWebKit/537.36 (KHTML, like Gecko) Chrome/94.0.4606.81 Safari/537.36"
::1 - - [16/Oct/2021:12:01:40 +0000] "GET /favicon.ico HTTP/1.1" 200 3104 "http://localhost:3000/api/v1/airdrop/check" "Mozilla/5.0 (Macintosh; Intel Mac OS X 10_15_7) AppleWebKit/537.36 (KHTML, like Gecko) Chrome/94.0.4606.81 Safari/537.36"
